<?xml version="1.0" encoding="UTF-8"?>
<!-- Generated by org.testng.reporters.JUnitReportReporter -->
<testsuite hostname="EC2AMAZ-58NV9MV" failures="0" tests="1" name="demotest.SampleTest" time="4.317" errors="0" timestamp="2022-11-22T10:14:18 UTC" skipped="0">
  <testcase classname="demotest.SampleTest" name="ConvertDateToUnix" time="4.317"/>
  <system-out/>
</testsuite> <!-- demotest.SampleTest -->
